[debug] [2025-07-25T19:18:18.028Z] ----------------------------------------------------------------------
[debug] [2025-07-25T19:18:18.033Z] Command:       /opt/homebrew/Cellar/node/24.4.1/bin/node /opt/homebrew/bin/firebase init
[debug] [2025-07-25T19:18:18.033Z] CLI Version:   14.11.1
[debug] [2025-07-25T19:18:18.033Z] Platform:      darwin
[debug] [2025-07-25T19:18:18.033Z] Node Version:  v24.4.1
[debug] [2025-07-25T19:18:18.034Z] Time:          Sat Jul 26 2025 00:48:18 GMT+0530 (India Standard Time)
[debug] [2025-07-25T19:18:18.034Z] ----------------------------------------------------------------------
[debug] 
[debug] [2025-07-25T19:18:18.037Z] > command requires scopes: ["email","openid","https://www.googleapis.com/auth/cloudplatformprojects.readonly","https://www.googleapis.com/auth/firebase","https://www.googleapis.com/auth/cloud-platform"]
[debug] [2025-07-25T19:18:18.037Z] > authorizing via signed-in user (amanvash.official@gmail.com)
[info] 
     ######## #### ########  ######## ########     ###     ######  ########
     ##        ##  ##     ## ##       ##     ##  ##   ##  ##       ##
     ######    ##  ########  ######   ########  #########  ######  ######
     ##        ##  ##    ##  ##       ##     ## ##     ##       ## ##
     ##       #### ##     ## ######## ########  ##     ##  ######  ########

You're about to initialize a Firebase project in this directory:

  /Users/amanvashishth/CODING/link

[debug] [2025-07-25T19:18:43.428Z] ExitPromptError: User force closed the prompt with SIGINT
    at Interface.sigint (/opt/homebrew/lib/node_modules/firebase-tools/node_modules/@inquirer/core/dist/commonjs/lib/create-prompt.js:101:37)
    at Interface.emit (node:events:507:28)
    at Interface.emit (node:domain:489:12)
    at [_ttyWrite] [as _ttyWrite] (node:internal/readline/interface:1315:18)
    at ReadStream.onkeypress (node:internal/readline/interface:284:20)
    at ReadStream.emit (node:events:519:35)
    at ReadStream.emit (node:domain:489:12)
    at emitKeys (node:internal/readline/utils:371:14)
    at emitKeys.next (<anonymous>)
    at ReadStream.onData (node:internal/readline/emitKeypressEvents:64:36)
[error] 
[error] Error: An unexpected error has occurred.
